
  /// MultiQC 🔍 | v1.13.dev0

[2022-08-22 11:22:43,917] multiqc                                            [DEBUG  ]  This is MultiQC v1.13.dev0
[2022-08-22 11:22:43,918] multiqc                                            [DEBUG  ]  Loading config settings from: multiqc_config.yaml
[2022-08-22 11:22:43,918] multiqc                                            [DEBUG  ]  New config: {'fastqc_config': {'fastqc_theoretical_gc': 'fastqc_theoretical_gc_TAIR10_genome.txt'}}
[2022-08-22 11:22:43,919] multiqc                                            [DEBUG  ]  Loading config settings from: multiqc_config.yaml
[2022-08-22 11:22:43,919] multiqc                                            [DEBUG  ]  New config: {'fastqc_config': {'fastqc_theoretical_gc': 'fastqc_theoretical_gc_TAIR10_genome.txt'}}
[2022-08-22 11:22:43,919] multiqc                                            [DEBUG  ]  Command used: /opt/conda/envs/bioinfo/bin/multiqc -d -f -i MultiQC report for Bisulphite-Seq data -b <i>--by</i> <br> <b>Deepak Tanwar</b> -c multiqc_config.yaml -o ./output -z -v ./input
[2022-08-22 11:22:44,101] multiqc                                            [DEBUG  ]  Latest MultiQC version is v1.12
[2022-08-22 11:22:44,101] multiqc                                            [DEBUG  ]  Working dir : /home/rstudio/dkt/projects/aphid/exp/10_MultiQC
[2022-08-22 11:22:44,101] multiqc                                            [DEBUG  ]  Template    : default
[2022-08-22 11:22:44,101] multiqc                                            [DEBUG  ]  Running Python 3.10.5 | packaged by conda-forge | (main, Jun 14 2022, 07:04:59) [GCC 10.3.0]
[2022-08-22 11:22:44,102] multiqc                                            [INFO   ]  Report title: MultiQC report for Bisulphite-Seq data
[2022-08-22 11:22:44,102] multiqc                                            [INFO   ]  Prepending directory to sample names
[2022-08-22 11:22:44,103] multiqc                                            [DEBUG  ]  Analysing modules: custom_content, ccs, ngsderive, purple, conpair, lima, peddy, somalier, methylQA, mosdepth, phantompeakqualtools, qualimap, preseq, quast, qorts, rna_seqc, rockhopper, rsem, rseqc, busco, bustools, goleft_indexcov, gffcompare, disambiguate, supernova, deeptools, sargasso, verifybamid, mirtrace, happy, mirtop, sambamba, homer, hops, macs2, theta2, snpeff, gatk, htseq, bcftools, featureCounts, fgbio, dragen, dedup, pbmarkdup, damageprofiler, biobambam2, jcvi, mtnucratio, picard, vep, sentieon, prokka, qc3C, nanostat, samblaster, samtools, sexdeterrmine, eigenstratdatabasetools, bamtools, jellyfish, vcftools, longranger, stacks, varscan2, snippy, bbmap, bismark, biscuit, hicexplorer, hicup, hicpro, salmon, kallisto, slamdunk, star, hisat2, tophat, bowtie2, bowtie1, snpsplit, odgi, pangolin, kat, leehom, adapterRemoval, clipandmerge, cutadapt, flexbar, kaiju, kraken, malt, trimmomatic, sickle, skewer, sortmerna, biobloomtools, fastq_screen, afterqc, fastp, fastqc, pychopper, pycoqc, minionqc, multivcfanalyzer, clusterflow, checkqc, bcl2fastq, bclconvert, interop, ivar, flash, seqyclean, optitype, whatshap
[2022-08-22 11:22:44,104] multiqc                                            [DEBUG  ]  Using temporary directory for creating report: /tmp/tmp2v877z2s
[2022-08-22 11:22:44,266] multiqc                                            [INFO   ]  Search path : /home/rstudio/dkt/projects/aphid/exp/10_MultiQC/input
|         searching | ━━━━━━━━━━━━━━━━━━━━━━━━━━━━━━━━━━━━━━━━ 100% 170/170  
[2022-08-22 11:22:45,020] multiqc                                            [DEBUG  ]  Summary of files that were skipped by the search: [skipped_file_contents_search_errors: 1280] // [skipped_no_match: 160] // [skipped_module_specific_max_filesize: 132] // [skipped_ignore_pattern: 62] // [skipped_filesize_limit: 40]
[2022-08-22 11:22:45,559] multiqc.plots.linegraph                            [DEBUG  ]  Using matplotlib version 3.5.3
[2022-08-22 11:22:45,560] multiqc.plots.bargraph                             [DEBUG  ]  Using matplotlib version 3.5.3
[2022-08-22 11:22:45,573] multiqc.modules.bismark.bismark                    [INFO   ]  Found 2 alignment reports
[2022-08-22 11:22:45,576] multiqc.modules.bismark.bismark                    [INFO   ]  Found 1 dedup reports
[2022-08-22 11:22:45,588] multiqc.modules.cutadapt.cutadapt                  [INFO   ]  Found 4 reports
[2022-08-22 11:22:45,601] multiqc.modules.fastqc.fastqc                      [INFO   ]  Found 4 reports
[2022-08-22 11:22:45,641] multiqc                                            [INFO   ]  Compressing plot data
[2022-08-22 11:22:45,697] multiqc                                            [INFO   ]  Report      : output/MultiQC-report-for-Bisulphite-Seq-data_multiqc_report.html
[2022-08-22 11:22:45,697] multiqc                                            [INFO   ]  Data        : output/MultiQC-report-for-Bisulphite-Seq-data_multiqc_report_data
[2022-08-22 11:22:45,697] multiqc                                            [DEBUG  ]  Moving data file from '/tmp/tmp2v877z2s/multiqc_data' to './output/MultiQC-report-for-Bisulphite-Seq-data_multiqc_report_data'
[2022-08-22 11:22:45,832] multiqc                                            [INFO   ]  MultiQC complete
